  [4;36;1mSQL (0.3ms)[0m   [0;1mSHOW TABLES[0m
  [4;35;1mSQL (37.0ms)[0m   [0mCREATE TABLE `schema_migrations` (`version` varchar(255) NOT NULL) ENGINE=InnoDB[0m
  [4;36;1mSQL (0.3ms)[0m   [0;1mSHOW KEYS FROM `schema_migrations`[0m
  [4;35;1mSQL (112.4ms)[0m   [0mCREATE UNIQUE INDEX `unique_schema_migrations` ON `schema_migrations` (`version`)[0m
  [4;36;1mSQL (0.2ms)[0m   [0;1mSHOW TABLES[0m
  [4;35;1mSQL (0.4ms)[0m   [0mSELECT version FROM schema_migrations[0m
Migrating to CreatePosts (20121004161523)
  [4;36;1mSQL (2.9ms)[0m   [0;1mCREATE TABLE `posts` (`id` int(11) DEFAULT NULL auto_increment PRIMARY KEY, `name` varchar(255), `body` text, `created_at` datetime, `updated_at` datetime) ENGINE=InnoDB[0m
  [4;35;1mSQL (0.3ms)[0m   [0mINSERT INTO schema_migrations (version) VALUES ('20121004161523')[0m
Migrating to CreateSpots (20121005123609)
  [4;36;1mSQL (13.3ms)[0m   [0;1mCREATE TABLE `spots` (`id` int(11) DEFAULT NULL auto_increment PRIMARY KEY, `name` varchar(255), `address` text, `city` varchar(255), `state` varchar(255), `phone` varchar(255), `spot_type` varchar(255), `map_lat` float, `map_long` float, `created_at` datetime, `updated_at` datetime) ENGINE=InnoDB[0m
  [4;35;1mSQL (0.3ms)[0m   [0mINSERT INTO schema_migrations (version) VALUES ('20121005123609')[0m
  [4;36;1mSQL (0.3ms)[0m   [0;1mSHOW TABLES[0m
  [4;35;1mSQL (0.4ms)[0m   [0mSELECT version FROM schema_migrations[0m
  [4;36;1mSQL (0.2ms)[0m   [0;1mSHOW TABLES[0m
  [4;35;1mSQL (0.7ms)[0m   [0mdescribe `posts`[0m
  [4;36;1mSQL (0.2ms)[0m   [0;1mSHOW KEYS FROM `posts`[0m
  [4;35;1mSQL (0.8ms)[0m   [0mdescribe `spots`[0m
  [4;36;1mSQL (0.2ms)[0m   [0;1mSHOW KEYS FROM `spots`[0m


Processing SpotsController#index (for 189.15.182.116 at 2012-10-05 21:31:24) [GET]
  [4;36;1mSpot Load (0.7ms)[0m   [0;1mSELECT * FROM `spots` [0m
Rendering template within layouts/spots
Rendering spots/index
Completed in 18ms (View: 13, DB: 1) | 200 OK [http://api.taxidriver4.me/spots]


Processing SpotsController#index (for 189.15.182.116 at 2012-10-05 21:32:00) [GET]
  [4;35;1mSpot Load (0.2ms)[0m   [0mSELECT * FROM `spots` [0m
Rendering template within layouts/spots
Rendering spots/index
Completed in 6ms (View: 1, DB: 0) | 200 OK [http://api.taxidriver4.me/spots]


Processing SpotsController#index to xml (for 189.15.182.116 at 2012-10-05 21:32:20) [GET]
  [4;36;1mSpot Load (0.3ms)[0m   [0;1mSELECT * FROM `spots` [0m
Completed in 5ms (View: 1, DB: 0) | 200 OK [http://api.taxidriver4.me/spots.xml]
  [4;36;1mSQL (0.3ms)[0m   [0;1mSHOW TABLES[0m
  [4;35;1mSQL (0.2ms)[0m   [0mSELECT version FROM schema_migrations[0m
Migrating to CreatePosts (20121004161523)
Migrating to CreateSpots (20121005123609)
Migrating to DropPosts (20121006003454)
  [4;36;1mSQL (0.5ms)[0m   [0;1mINSERT INTO schema_migrations (version) VALUES ('20121006003454')[0m
  [4;35;1mSQL (0.2ms)[0m   [0mSHOW TABLES[0m
  [4;36;1mSQL (0.3ms)[0m   [0;1mSELECT version FROM schema_migrations[0m
  [4;35;1mSQL (0.2ms)[0m   [0mSHOW TABLES[0m
  [4;36;1mSQL (0.8ms)[0m   [0;1mdescribe `posts`[0m
  [4;35;1mSQL (0.3ms)[0m   [0mSHOW KEYS FROM `posts`[0m
  [4;36;1mSQL (1.1ms)[0m   [0;1mdescribe `spots`[0m
  [4;35;1mSQL (0.2ms)[0m   [0mSHOW KEYS FROM `spots`[0m


Processing SpotsController#index to xml (for 189.15.182.116 at 2012-10-05 21:39:52) [GET]
  [4;35;1mSpot Load (0.3ms)[0m   [0mSELECT * FROM `spots` [0m
Completed in 5ms (View: 1, DB: 0) | 200 OK [http://api.taxidriver4.me/spots.xml]


Processing SpotsController#index to xml (for 189.15.182.116 at 2012-10-05 21:39:55) [GET]
  [4;36;1mSpot Load (0.2ms)[0m   [0;1mSELECT * FROM `spots` [0m
Completed in 6ms (View: 1, DB: 0) | 200 OK [http://api.taxidriver4.me/spots.xml]


Processing SpotsController#index (for 189.15.182.116 at 2012-10-05 21:40:00) [GET]
  [4;35;1mSpot Load (0.3ms)[0m   [0mSELECT * FROM `spots` [0m
Rendering template within layouts/spots
Rendering spots/index
Completed in 6ms (View: 1, DB: 0) | 200 OK [http://api.taxidriver4.me/spots]


Processing SpotsController#index (for 189.15.182.116 at 2012-10-05 21:40:07) [GET]
  [4;36;1mSpot Load (0.3ms)[0m   [0;1mSELECT * FROM `spots` [0m
Rendering template within layouts/spots
Rendering spots/index
Completed in 76ms (View: 1, DB: 0) | 200 OK [http://api.taxidriver4.me/spots]


Processing SpotsController#index (for 189.15.182.116 at 2012-10-05 21:40:44) [GET]
  [4;35;1mSpot Load (0.2ms)[0m   [0mSELECT * FROM `spots` [0m
Rendering template within layouts/spots
Rendering spots/index
Completed in 4ms (View: 1, DB: 0) | 200 OK [http://api.taxidriver4.me/spots]


Processing SpotsController#index (for 189.15.182.116 at 2012-10-05 21:41:47) [GET]
  [4;36;1mSpot Load (0.2ms)[0m   [0;1mSELECT * FROM `spots` [0m
Rendering template within layouts/spots
Rendering spots/index
Completed in 6ms (View: 1, DB: 0) | 200 OK [http://api.taxidriver4.me/spots]
  [4;36;1mSQL (0.4ms)[0m   [0;1mSHOW TABLES[0m
  [4;35;1mSQL (0.2ms)[0m   [0mSELECT version FROM schema_migrations[0m
Migrating to CreatePosts (20121004161523)
Migrating to CreateSpots (20121005123609)
Migrating to DropPosts (20121006003454)
  [4;36;1mSQL (0.4ms)[0m   [0;1mSHOW TABLES[0m
  [4;35;1mSQL (0.2ms)[0m   [0mSELECT version FROM schema_migrations[0m
  [4;36;1mSQL (0.3ms)[0m   [0;1mSHOW TABLES[0m
  [4;35;1mSQL (1.2ms)[0m   [0mdescribe `posts`[0m
  [4;36;1mSQL (0.4ms)[0m   [0;1mSHOW KEYS FROM `posts`[0m
  [4;35;1mSQL (1.3ms)[0m   [0mdescribe `spots`[0m
  [4;36;1mSQL (0.4ms)[0m   [0;1mSHOW KEYS FROM `spots`[0m
  [4;36;1mSQL (0.4ms)[0m   [0;1mSHOW TABLES[0m
  [4;35;1mSQL (0.2ms)[0m   [0mSELECT version FROM schema_migrations[0m
Migrating to CreatePosts (20121004161523)
Migrating to CreateSpots (20121005123609)
Migrating to DropPosts (20121006003454)
  [4;36;1mSQL (0.3ms)[0m   [0;1mSHOW TABLES[0m
  [4;35;1mSQL (0.1ms)[0m   [0mSELECT version FROM schema_migrations[0m
  [4;36;1mSQL (0.2ms)[0m   [0;1mSHOW TABLES[0m
  [4;35;1mSQL (1.1ms)[0m   [0mdescribe `posts`[0m
  [4;36;1mSQL (0.3ms)[0m   [0;1mSHOW KEYS FROM `posts`[0m
  [4;35;1mSQL (0.9ms)[0m   [0mdescribe `spots`[0m
  [4;36;1mSQL (0.3ms)[0m   [0;1mSHOW KEYS FROM `spots`[0m
  [4;36;1mSQL (0.2ms)[0m   [0;1mBEGIN[0m
  [4;35;1mSpot Create (0.4ms)[0m   [0mINSERT INTO `spots` (`name`, `address`, `city`, `map_long`, `created_at`, `spot_type`, `updated_at`, `phone`, `state`, `map_lat`) VALUES('Teste 1', 'Rua Cel Aniceto Pereira, 277', 'uberlandia', -18.932989, '2012-10-11 00:36:19', 'phone', '2012-10-11 00:36:19', '(34) 3226-5664', 'mg', -48.298656)[0m
  [4;36;1mSQL (2.5ms)[0m   [0;1mCOMMIT[0m
  [4;35;1mSQL (0.2ms)[0m   [0mBEGIN[0m
  [4;36;1mSQL (0.1ms)[0m   [0;1mCOMMIT[0m
  [4;35;1mSQL (0.2ms)[0m   [0mBEGIN[0m
  [4;36;1mSpot Create (0.4ms)[0m   [0;1mINSERT INTO `spots` (`name`, `address`, `city`, `map_long`, `created_at`, `spot_type`, `updated_at`, `phone`, `state`, `map_lat`) VALUES('Teste 2', 'Rua Gen Canabarro, 41', 'uberlandia', -18.923284, '2012-10-11 00:36:19', 'car', '2012-10-11 00:36:19', '(34) 3235-6467', 'mg', -48.28944)[0m
  [4;35;1mSQL (0.4ms)[0m   [0mCOMMIT[0m
  [4;36;1mSQL (0.1ms)[0m   [0;1mBEGIN[0m
  [4;35;1mSQL (0.1ms)[0m   [0mCOMMIT[0m
